0 info it worked if it ends with ok
1 verbose cli [ 'C:\\Program Files\\nodejs\\node.exe',
1 verbose cli   'C:\\Program Files\\nodejs\\node_modules\\npm\\bin\\npm-cli.js',
1 verbose cli   'start' ]
2 info using npm@3.10.8
3 info using node@v6.9.1
4 verbose run-script [ 'prestart', 'start', 'poststart' ]
5 info lifecycle jstack@6.9.1~prestart: jstack@6.9.1
6 silly lifecycle jstack@6.9.1~prestart: no script for prestart, continuing
7 info lifecycle jstack@6.9.1~start: jstack@6.9.1
8 verbose lifecycle jstack@6.9.1~start: unsafe-perm in lifecycle true
9 verbose lifecycle jstack@6.9.1~start: PATH: C:\Program Files\nodejs\node_modules\npm\bin\node-gyp-bin;F:\git\gauamrit\node_modules\.bin;C:\Windows\system32;C:\Windows;C:\Windows\System32\Wbem;C:\Windows\System32\WindowsPowerShell\v1.0\;C:\Program Files\Intel\OpenCL SDK\2.0\bin\x86;C:\Program Files\nodejs\;C:\Program Files\Git\cmd;C:\Program Files\Git\mingw32\bin;C:\Program Files\Git\usr\bin;C:\Program Files\Heroku\bin;C:\Program Files\Anaconda2;C:\Program Files\Anaconda2\Scripts;C:\Program Files\Anaconda2\Library\bin;C:\Program Files\Skype\Phone\;C:\Users\hp\AppData\Roaming\npm;C:\Program Files\Sublime Text 3;C:\Python27\;C:\Python27\Scripts;C:\Program Files\PostgreSQL\9.6\bin;C:\Program Files\PostgreSQL\9.6\lib;C:\Program Files\Internet Download Manager;C:\Program Files\Console2;C:\Program Files\MongoDB\Server\3.2\bin\;C:\Program Files\Google\Chrome\Application;C:\Ruby23\bin;C:\Program Files\clisp-2.49;C:\Program Files\mingw-w64\i686-6.3.0-win32-dwarf-rt_v5-rev1\mingw32\bin;C:\Program Files\Oracle\VirtualBox;C:\Program Files\Mozilla Firefox;C:\Program Files\nmap
10 verbose lifecycle jstack@6.9.1~start: CWD: F:\git\gauamrit
11 silly lifecycle jstack@6.9.1~start: Args: [ '/d /s /c', 'nodemon app.js' ]
12 verbose stack Error: kill ENOSYS
12 verbose stack     at exports._errnoException (util.js:1026:11)
12 verbose stack     at process.kill (internal/process.js:172:13)
12 verbose stack     at process.listener (C:\Program Files\nodejs\node_modules\npm\node_modules\npmlog\node_modules\gauge\node_modules\signal-exit\index.js:86:15)
12 verbose stack     at emitNone (events.js:91:20)
12 verbose stack     at process.emit (events.js:185:7)
12 verbose stack     at processEmit (C:\Program Files\nodejs\node_modules\npm\node_modules\npmlog\node_modules\gauge\node_modules\signal-exit\index.js:146:32)
12 verbose stack     at processEmit (C:\Program Files\nodejs\node_modules\npm\node_modules\npm-registry-client\node_modules\npmlog\node_modules\gauge\node_modules\signal-exit\index.js:146:32)
12 verbose stack     at Signal.wrap.onsignal (internal/process.js:199:44)
13 verbose cwd F:\git\gauamrit
14 error Windows_NT 6.1.7600
15 error argv "C:\\Program Files\\nodejs\\node.exe" "C:\\Program Files\\nodejs\\node_modules\\npm\\bin\\npm-cli.js" "start"
16 error node v6.9.1
17 error npm  v3.10.8
18 error code ENOSYS
19 error errno ENOSYS
20 error syscall kill
21 error kill ENOSYS
22 error If you need help, you may report this error at:
22 error     <https://github.com/npm/npm/issues>
23 verbose exit [ 1, true ]
